Release 14.7 - xst P.20131013 (nt64)
Copyright (c) 1995-2013 Xilinx, Inc.  All rights reserved.
--> Parameter TMPDIR set to xst/projnav.tmp


Total REAL time to Xst completion: 0.00 secs
Total CPU time to Xst completion: 0.14 secs
 
--> Parameter xsthdpdir set to xst


Total REAL time to Xst completion: 0.00 secs
Total CPU time to Xst completion: 0.14 secs
 
--> Reading design: cactus_motion.prj

TABLE OF CONTENTS
  1) Synthesis Options Summary
  2) HDL Parsing
  3) HDL Elaboration
  4) HDL Synthesis
       4.1) HDL Synthesis Report
  5) Advanced HDL Synthesis
       5.1) Advanced HDL Synthesis Report
  6) Low Level Synthesis
  7) Partition Report
  8) Design Summary
       8.1) Primitive and Black Box Usage
       8.2) Device utilization summary
       8.3) Partition Resource Summary
       8.4) Timing Report
            8.4.1) Clock Information
            8.4.2) Asynchronous Control Signals Information
            8.4.3) Timing Summary
            8.4.4) Timing Details
            8.4.5) Cross Clock Domains Report


=========================================================================
*                      Synthesis Options Summary                        *
=========================================================================
---- Source Parameters
Input File Name                    : "cactus_motion.prj"
Ignore Synthesis Constraint File   : NO

---- Target Parameters
Output File Name                   : "cactus_motion"
Output Format                      : NGC
Target Device                      : xc6slx9-3-tqg144

---- Source Options
Top Module Name                    : cactus_motion
Automatic FSM Extraction           : YES
FSM Encoding Algorithm             : Auto
Safe Implementation                : No
FSM Style                          : LUT
RAM Extraction                     : Yes
RAM Style                          : Auto
ROM Extraction                     : Yes
Shift Register Extraction          : YES
ROM Style                          : Auto
Resource Sharing                   : YES
Asynchronous To Synchronous        : NO
Shift Register Minimum Size        : 2
Use DSP Block                      : Auto
Automatic Register Balancing       : No

---- Target Options
LUT Combining                      : Auto
Reduce Control Sets                : Auto
Add IO Buffers                     : YES
Global Maximum Fanout              : 100000
Add Generic Clock Buffer(BUFG)     : 16
Register Duplication               : YES
Optimize Instantiated Primitives   : NO
Use Clock Enable                   : Auto
Use Synchronous Set                : Auto
Use Synchronous Reset              : Auto
Pack IO Registers into IOBs        : Auto
Equivalent register Removal        : YES

---- General Options
Optimization Goal                  : Speed
Optimization Effort                : 1
Power Reduction                    : NO
Keep Hierarchy                     : No
Netlist Hierarchy                  : As_Optimized
RTL Output                         : Yes
Global Optimization                : AllClockNets
Read Cores                         : YES
Write Timing Constraints           : NO
Cross Clock Analysis               : NO
Hierarchy Separator                : /
Bus Delimiter                      : <>
Case Specifier                     : Maintain
Slice Utilization Ratio            : 100
BRAM Utilization Ratio             : 100
DSP48 Utilization Ratio            : 100
Auto BRAM Packing                  : NO
Slice Utilization Ratio Delta      : 5

=========================================================================


=========================================================================
*                          HDL Parsing                                  *
=========================================================================
Parsing VHDL file "C:\XilinkProject\digital_01\cactus_motion.vhd" into library work
Parsing entity <cactus_motion>.
Parsing architecture <Behavioral> of entity <cactus_motion>.

=========================================================================
*                            HDL Elaboration                            *
=========================================================================

Elaborating entity <cactus_motion> (architecture <Behavioral>) from library <work>.

=========================================================================
*                           HDL Synthesis                               *
=========================================================================

Synthesizing Unit <cactus_motion>.
    Related source file is "C:\XilinkProject\digital_01\cactus_motion.vhd".
    Found 10-bit register for signal <score>.
    Found 32-bit register for signal <speed>.
    Found 12-bit register for signal <x1>.
    Found 12-bit register for signal <x2>.
    Found 2-bit register for signal <t1>.
    Found 2-bit register for signal <t2>.
    Found 3-bit register for signal <p_state>.
    Found 32-bit register for signal <cnt>.
    Found finite state machine <FSM_0> for signal <p_state>.
    -----------------------------------------------------------------------
    | States             | 6                                              |
    | Transitions        | 24                                             |
    | Inputs             | 3                                              |
    | Outputs            | 10                                             |
    | Clock              | vsync (falling_edge)                           |
    | Reset              | _n0141 (positive)                              |
    | Reset type         | synchronous                                    |
    | Reset State        | 001                                            |
    | Power Up State     | 001                                            |
    | Encoding           | auto                                           |
    | Implementation     | LUT                                            |
    -----------------------------------------------------------------------
    Found 32-bit adder for signal <cnt[31]_GND_4_o_add_1_OUT> created at line 31.
    Found 10-bit adder for signal <score[9]_GND_4_o_add_4_OUT> created at line 32.
    Found 11-bit adder for signal <n0105> created at line 33.
    Found 12-bit subtractor for signal <x1[11]_speed[31]_sub_13_OUT<11:0>> created at line 35.
    Found 12-bit subtractor for signal <x2[11]_speed[31]_sub_14_OUT<11:0>> created at line 35.
    Found 10-bit comparator lessequal for signal <score[9]_PWR_4_o_LessThan_4_o> created at line 32
    Found 32-bit comparator greater for signal <speed[31]_GND_4_o_LessThan_11_o> created at line 33
    Found 12-bit comparator greater for signal <PWR_4_o_x1[11]_LessThan_15_o> created at line 37
    Found 12-bit comparator greater for signal <PWR_4_o_x2[11]_LessThan_16_o> created at line 37
    Summary:
	inferred   5 Adder/Subtractor(s).
	inferred 102 D-type flip-flop(s).
	inferred   4 Comparator(s).
	inferred   3 Multiplexer(s).
	inferred   1 Finite State Machine(s).
Unit <cactus_motion> synthesized.

Synthesizing Unit <div_10u_7u>.
    Related source file is "".
    Found 17-bit adder for signal <GND_5_o_b[6]_add_1_OUT> created at line 0.
    Found 16-bit adder for signal <GND_5_o_b[6]_add_3_OUT> created at line 0.
    Found 15-bit adder for signal <GND_5_o_b[6]_add_5_OUT> created at line 0.
    Found 14-bit adder for signal <GND_5_o_b[6]_add_7_OUT> created at line 0.
    Found 13-bit adder for signal <GND_5_o_b[6]_add_9_OUT> created at line 0.
    Found 12-bit adder for signal <GND_5_o_b[6]_add_11_OUT> created at line 0.
    Found 11-bit adder for signal <GND_5_o_b[6]_add_13_OUT> created at line 0.
    Found 10-bit adder for signal <a[9]_b[6]_add_15_OUT[9:0]> created at line 0.
    Found 10-bit adder for signal <a[9]_GND_5_o_add_17_OUT[9:0]> created at line 0.
    Found 10-bit adder for signal <a[9]_GND_5_o_add_19_OUT[9:0]> created at line 0.
    Found 17-bit comparator lessequal for signal <BUS_0001> created at line 0
    Found 16-bit comparator lessequal for signal <BUS_0002> created at line 0
    Found 15-bit comparator lessequal for signal <BUS_0003> created at line 0
    Found 14-bit comparator lessequal for signal <BUS_0004> created at line 0
    Found 13-bit comparator lessequal for signal <BUS_0005> created at line 0
    Found 12-bit comparator lessequal for signal <BUS_0006> created at line 0
    Found 11-bit comparator lessequal for signal <BUS_0007> created at line 0
    Found 10-bit comparator lessequal for signal <BUS_0008> created at line 0
    Found 10-bit comparator lessequal for signal <BUS_0009> created at line 0
    Found 10-bit comparator lessequal for signal <BUS_0010> created at line 0
    Found 10-bit comparator lessequal for signal <BUS_0011> created at line 0
    Summary:
	inferred  10 Adder/Subtractor(s).
	inferred  11 Comparator(s).
	inferred  73 Multiplexer(s).
Unit <div_10u_7u> synthesized.

=========================================================================
HDL Synthesis Report

Macro Statistics
# Adders/Subtractors                                   : 15
 10-bit adder                                          : 4
 11-bit adder                                          : 2
 12-bit adder                                          : 1
 12-bit subtractor                                     : 2
 13-bit adder                                          : 1
 14-bit adder                                          : 1
 15-bit adder                                          : 1
 16-bit adder                                          : 1
 17-bit adder                                          : 1
 32-bit adder                                          : 1
# Registers                                            : 7
 10-bit register                                       : 1
 12-bit register                                       : 2
 2-bit register                                        : 2
 32-bit register                                       : 2
# Comparators                                          : 15
 10-bit comparator lessequal                           : 5
 11-bit comparator lessequal                           : 1
 12-bit comparator greater                             : 2
 12-bit comparator lessequal                           : 1
 13-bit comparator lessequal                           : 1
 14-bit comparator lessequal                           : 1
 15-bit comparator lessequal                           : 1
 16-bit comparator lessequal                           : 1
 17-bit comparator lessequal                           : 1
 32-bit comparator greater                             : 1
# Multiplexers                                         : 76
 1-bit 2-to-1 multiplexer                              : 70
 10-bit 2-to-1 multiplexer                             : 3
 12-bit 2-to-1 multiplexer                             : 2
 32-bit 2-to-1 multiplexer                             : 1
# FSMs                                                 : 1

=========================================================================

=========================================================================
*                       Advanced HDL Synthesis                          *
=========================================================================

WARNING:Xst:1293 - FF/Latch <t2_1> has a constant value of 0 in block <cactus_motion>. This FF/Latch will be trimmed during the optimization process.

Synthesizing (advanced) Unit <cactus_motion>.
The following registers are absorbed into accumulator <x1>: 1 register on signal <x1>.
The following registers are absorbed into accumulator <x2>: 1 register on signal <x2>.
The following registers are absorbed into counter <score>: 1 register on signal <score>.
The following registers are absorbed into counter <cnt>: 1 register on signal <cnt>.
Unit <cactus_motion> synthesized (advanced).

=========================================================================
Advanced HDL Synthesis Report

Macro Statistics
# Adders/Subtractors                                   : 11
 10-bit adder                                          : 10
 11-bit adder                                          : 1
# Counters                                             : 2
 10-bit up counter                                     : 1
 32-bit up counter                                     : 1
# Accumulators                                         : 2
 12-bit down loadable accumulator                      : 2
# Registers                                            : 36
 Flip-Flops                                            : 36
# Comparators                                          : 15
 10-bit comparator lessequal                           : 5
 11-bit comparator lessequal                           : 1
 12-bit comparator greater                             : 2
 12-bit comparator lessequal                           : 1
 13-bit comparator lessequal                           : 1
 14-bit comparator lessequal                           : 1
 15-bit comparator lessequal                           : 1
 16-bit comparator lessequal                           : 1
 17-bit comparator lessequal                           : 1
 32-bit comparator greater                             : 1
# Multiplexers                                         : 74
 1-bit 2-to-1 multiplexer                              : 70
 10-bit 2-to-1 multiplexer                             : 3
 32-bit 2-to-1 multiplexer                             : 1
# FSMs                                                 : 1

=========================================================================

=========================================================================
*                         Low Level Synthesis                           *
=========================================================================
WARNING:Xst:1293 - FF/Latch <t2_1> has a constant value of 0 in block <cactus_motion>. This FF/Latch will be trimmed during the optimization process.
Analyzing FSM <MFsm> for best encoding.
Optimizing FSM <FSM_0> on signal <p_state[1:3]> with sequential encoding.
-------------------
 State | Encoding
-------------------
 001   | 000
 010   | 001
 011   | 010
 100   | 011
 101   | 100
 110   | 101
-------------------
WARNING:Xst:1293 - FF/Latch <speed_31> has a constant value of 0 in block <cactus_motion>. This FF/Latch will be trimmed during the optimization process.
WARNING:Xst:1896 - Due to other FF/Latch trimming, FF/Latch <speed_30> has a constant value of 0 in block <cactus_motion>. This FF/Latch will be trimmed during the optimization process.
WARNING:Xst:1896 - Due to other FF/Latch trimming, FF/Latch <speed_29> has a constant value of 0 in block <cactus_motion>. This FF/Latch will be trimmed during the optimization process.
WARNING:Xst:1896 - Due to other FF/Latch trimming, FF/Latch <speed_28> has a constant value of 0 in block <cactus_motion>. This FF/Latch will be trimmed during the optimization process.
WARNING:Xst:1896 - Due to other FF/Latch trimming, FF/Latch <speed_27> has a constant value of 0 in block <cactus_motion>. This FF/Latch will be trimmed during the optimization process.
WARNING:Xst:1896 - Due to other FF/Latch trimming, FF/Latch <speed_26> has a constant value of 0 in block <cactus_motion>. This FF/Latch will be trimmed during the optimization process.
WARNING:Xst:1896 - Due to other FF/Latch trimming, FF/Latch <speed_25> has a constant value of 0 in block <cactus_motion>. This FF/Latch will be trimmed during the optimization process.
WARNING:Xst:1896 - Due to other FF/Latch trimming, FF/Latch <speed_24> has a constant value of 0 in block <cactus_motion>. This FF/Latch will be trimmed during the optimization process.
WARNING:Xst:1896 - Due to other FF/Latch trimming, FF/Latch <speed_23> has a constant value of 0 in block <cactus_motion>. This FF/Latch will be trimmed during the optimization process.
WARNING:Xst:1896 - Due to other FF/Latch trimming, FF/Latch <speed_22> has a constant value of 0 in block <cactus_motion>. This FF/Latch will be trimmed during the optimization process.
WARNING:Xst:1896 - Due to other FF/Latch trimming, FF/Latch <speed_21> has a constant value of 0 in block <cactus_motion>. This FF/Latch will be trimmed during the optimization process.
WARNING:Xst:1896 - Due to other FF/Latch trimming, FF/Latch <speed_20> has a constant value of 0 in block <cactus_motion>. This FF/Latch will be trimmed during the optimization process.
WARNING:Xst:1896 - Due to other FF/Latch trimming, FF/Latch <speed_19> has a constant value of 0 in block <cactus_motion>. This FF/Latch will be trimmed during the optimization process.
WARNING:Xst:1896 - Due to other FF/Latch trimming, FF/Latch <speed_18> has a constant value of 0 in block <cactus_motion>. This FF/Latch will be trimmed during the optimization process.
WARNING:Xst:1896 - Due to other FF/Latch trimming, FF/Latch <speed_17> has a constant value of 0 in block <cactus_motion>. This FF/Latch will be trimmed during the optimization process.
WARNING:Xst:1896 - Due to other FF/Latch trimming, FF/Latch <speed_16> has a constant value of 0 in block <cactus_motion>. This FF/Latch will be trimmed during the optimization process.
WARNING:Xst:1896 - Due to other FF/Latch trimming, FF/Latch <speed_15> has a constant value of 0 in block <cactus_motion>. This FF/Latch will be trimmed during the optimization process.
WARNING:Xst:1896 - Due to other FF/Latch trimming, FF/Latch <speed_14> has a constant value of 0 in block <cactus_motion>. This FF/Latch will be trimmed during the optimization process.
WARNING:Xst:1896 - Due to other FF/Latch trimming, FF/Latch <speed_13> has a constant value of 0 in block <cactus_motion>. This FF/Latch will be trimmed during the optimization process.
WARNING:Xst:1896 - Due to other FF/Latch trimming, FF/Latch <speed_12> has a constant value of 0 in block <cactus_motion>. This FF/Latch will be trimmed during the optimization process.
WARNING:Xst:1896 - Due to other FF/Latch trimming, FF/Latch <speed_11> has a constant value of 0 in block <cactus_motion>. This FF/Latch will be trimmed during the optimization process.

Optimizing unit <cactus_motion> ...

Optimizing unit <div_10u_7u> ...
WARNING:Xst:1293 - FF/Latch <speed_6> has a constant value of 0 in block <cactus_motion>. This FF/Latch will be trimmed during the optimization process.
WARNING:Xst:1896 - Due to other FF/Latch trimming, FF/Latch <speed_7> has a constant value of 0 in block <cactus_motion>. This FF/Latch will be trimmed during the optimization process.
WARNING:Xst:1896 - Due to other FF/Latch trimming, FF/Latch <speed_8> has a constant value of 0 in block <cactus_motion>. This FF/Latch will be trimmed during the optimization process.
WARNING:Xst:1896 - Due to other FF/Latch trimming, FF/Latch <speed_9> has a constant value of 0 in block <cactus_motion>. This FF/Latch will be trimmed during the optimization process.
WARNING:Xst:1896 - Due to other FF/Latch trimming, FF/Latch <speed_10> has a constant value of 0 in block <cactus_motion>. This FF/Latch will be trimmed during the optimization process.
WARNING:Xst:1293 - FF/Latch <speed_5> has a constant value of 0 in block <cactus_motion>. This FF/Latch will be trimmed during the optimization process.
WARNING:Xst:1293 - FF/Latch <cnt_31> has a constant value of 0 in block <cactus_motion>. This FF/Latch will be trimmed during the optimization process.
WARNING:Xst:1293 - FF/Latch <cnt_30> has a constant value of 0 in block <cactus_motion>. This FF/Latch will be trimmed during the optimization process.
WARNING:Xst:1293 - FF/Latch <cnt_29> has a constant value of 0 in block <cactus_motion>. This FF/Latch will be trimmed during the optimization process.
WARNING:Xst:1293 - FF/Latch <cnt_28> has a constant value of 0 in block <cactus_motion>. This FF/Latch will be trimmed during the optimization process.
WARNING:Xst:1293 - FF/Latch <cnt_27> has a constant value of 0 in block <cactus_motion>. This FF/Latch will be trimmed during the optimization process.
WARNING:Xst:1293 - FF/Latch <cnt_26> has a constant value of 0 in block <cactus_motion>. This FF/Latch will be trimmed during the optimization process.
WARNING:Xst:1293 - FF/Latch <cnt_25> has a constant value of 0 in block <cactus_motion>. This FF/Latch will be trimmed during the optimization process.
WARNING:Xst:1293 - FF/Latch <cnt_24> has a constant value of 0 in block <cactus_motion>. This FF/Latch will be trimmed during the optimization process.
WARNING:Xst:1293 - FF/Latch <cnt_23> has a constant value of 0 in block <cactus_motion>. This FF/Latch will be trimmed during the optimization process.
WARNING:Xst:1293 - FF/Latch <cnt_22> has a constant value of 0 in block <cactus_motion>. This FF/Latch will be trimmed during the optimization process.
WARNING:Xst:1293 - FF/Latch <cnt_21> has a constant value of 0 in block <cactus_motion>. This FF/Latch will be trimmed during the optimization process.
WARNING:Xst:1293 - FF/Latch <cnt_20> has a constant value of 0 in block <cactus_motion>. This FF/Latch will be trimmed during the optimization process.
WARNING:Xst:1293 - FF/Latch <cnt_19> has a constant value of 0 in block <cactus_motion>. This FF/Latch will be trimmed during the optimization process.
WARNING:Xst:1293 - FF/Latch <cnt_18> has a constant value of 0 in block <cactus_motion>. This FF/Latch will be trimmed during the optimization process.
WARNING:Xst:1293 - FF/Latch <cnt_17> has a constant value of 0 in block <cactus_motion>. This FF/Latch will be trimmed during the optimization process.
WARNING:Xst:1293 - FF/Latch <cnt_16> has a constant value of 0 in block <cactus_motion>. This FF/Latch will be trimmed during the optimization process.
WARNING:Xst:1293 - FF/Latch <cnt_15> has a constant value of 0 in block <cactus_motion>. This FF/Latch will be trimmed during the optimization process.
WARNING:Xst:1293 - FF/Latch <cnt_14> has a constant value of 0 in block <cactus_motion>. This FF/Latch will be trimmed during the optimization process.
WARNING:Xst:1293 - FF/Latch <cnt_13> has a constant value of 0 in block <cactus_motion>. This FF/Latch will be trimmed during the optimization process.
WARNING:Xst:1293 - FF/Latch <cnt_12> has a constant value of 0 in block <cactus_motion>. This FF/Latch will be trimmed during the optimization process.
WARNING:Xst:1293 - FF/Latch <cnt_11> has a constant value of 0 in block <cactus_motion>. This FF/Latch will be trimmed during the optimization process.
WARNING:Xst:1293 - FF/Latch <cnt_10> has a constant value of 0 in block <cactus_motion>. This FF/Latch will be trimmed during the optimization process.
WARNING:Xst:1293 - FF/Latch <cnt_9> has a constant value of 0 in block <cactus_motion>. This FF/Latch will be trimmed during the optimization process.
WARNING:Xst:1293 - FF/Latch <cnt_8> has a constant value of 0 in block <cactus_motion>. This FF/Latch will be trimmed during the optimization process.
WARNING:Xst:1293 - FF/Latch <cnt_7> has a constant value of 0 in block <cactus_motion>. This FF/Latch will be trimmed during the optimization process.
WARNING:Xst:1293 - FF/Latch <cnt_6> has a constant value of 0 in block <cactus_motion>. This FF/Latch will be trimmed during the optimization process.

Mapping all equations...
Building and optimizing final netlist ...
Found area constraint ratio of 100 (+ 5) on block cactus_motion, actual ratio is 2.

Final Macro Processing ...

=========================================================================
Final Register Report

Macro Statistics
# Registers                                            : 51
 Flip-Flops                                            : 51

=========================================================================

=========================================================================
*                           Partition Report                            *
=========================================================================

Partition Implementation Status
-------------------------------

  No Partitions were found in this design.

-------------------------------

=========================================================================
*                            Design Summary                             *
=========================================================================

Top Level Output File Name         : cactus_motion.ngc

Primitive and Black Box Usage:
------------------------------
# BELS                             : 201
#      GND                         : 1
#      INV                         : 4
#      LUT1                        : 14
#      LUT2                        : 8
#      LUT3                        : 6
#      LUT4                        : 10
#      LUT5                        : 7
#      LUT6                        : 65
#      MUXCY                       : 44
#      MUXF7                       : 1
#      VCC                         : 1
#      XORCY                       : 40
# FlipFlops/Latches                : 51
#      FDR_1                       : 3
#      FDRE                        : 33
#      FDRE_1                      : 5
#      FDSE                        : 7
#      FDSE_1                      : 3
# Clock Buffers                    : 1
#      BUFGP                       : 1
# IO Buffers                       : 40
#      IBUF                        : 2
#      OBUF                        : 38

Device utilization summary:
---------------------------

Selected Device : 6slx9tqg144-3 


Slice Logic Utilization: 
 Number of Slice Registers:              51  out of  11440     0%  
 Number of Slice LUTs:                  114  out of   5720     1%  
    Number used as Logic:               114  out of   5720     1%  

Slice Logic Distribution: 
 Number of LUT Flip Flop pairs used:    118
   Number with an unused Flip Flop:      67  out of    118    56%  
   Number with an unused LUT:             4  out of    118     3%  
   Number of fully used LUT-FF pairs:    47  out of    118    39%  
   Number of unique control sets:         6

IO Utilization: 
 Number of IOs:                          41
 Number of bonded IOBs:                  41  out of    102    40%  

Specific Feature Utilization:
 Number of BUFG/BUFGCTRLs:                1  out of     16     6%  

---------------------------
Partition Resource Summary:
---------------------------

  No Partitions were found in this design.

---------------------------


=========================================================================
Timing Report

NOTE: THESE TIMING NUMBERS ARE ONLY A SYNTHESIS ESTIMATE.
      FOR ACCURATE TIMING INFORMATION PLEASE REFER TO THE TRACE REPORT
      GENERATED AFTER PLACE-and-ROUTE.

Clock Information:
------------------
-----------------------------------+------------------------+-------+
Clock Signal                       | Clock buffer(FF name)  | Load  |
-----------------------------------+------------------------+-------+
vsync                              | BUFGP                  | 51    |
-----------------------------------+------------------------+-------+

Asynchronous Control Signals Information:
----------------------------------------
No asynchronous control signals found in this design

Timing Summary:
---------------
Speed Grade: -3

   Minimum period: 4.818ns (Maximum Frequency: 207.572MHz)
   Minimum input arrival time before clock: 4.265ns
   Maximum output required time after clock: 4.409ns
   Maximum combinational path delay: No path found

Timing Details:
---------------
All values displayed in nanoseconds (ns)

=========================================================================
Timing constraint: Default period analysis for Clock 'vsync'
  Clock period: 4.818ns (frequency: 207.572MHz)
  Total number of paths / destination ports: 7476 / 70
-------------------------------------------------------------------------
Delay:               4.818ns (Levels of Logic = 12)
  Source:            x2_8 (FF)
  Destination:       x2_11 (FF)
  Source Clock:      vsync falling
  Destination Clock: vsync falling

  Data Path: x2_8 to x2_11
                                Gate     Net
    Cell:in->out      fanout   Delay   Delay  Logical Name (Net Name)
    ----------------------------------------  ------------
     FDRE:C->Q             4   0.447   0.931  x2_8 (x2_8)
     LUT4:I0->O            4   0.203   0.684  PWR_4_o_x2[11]_LessThan_16_o11_SW0 (N0)
     LUT6:I5->O            2   0.205   0.617  PWR_4_o_x2[11]_LessThan_16_o11_1 (PWR_4_o_x2[11]_LessThan_16_o111)
     LUT6:I5->O            3   0.205   0.755  PWR_4_o_PWR_4_o_AND_2_o3 (x1_eqn)
     LUT3:I1->O            1   0.203   0.000  Maccum_x2_lut<4> (Maccum_x2_lut<4>)
     MUXCY:S->O            1   0.172   0.000  Maccum_x2_cy<4> (Maccum_x2_cy<4>)
     MUXCY:CI->O           1   0.019   0.000  Maccum_x2_cy<5> (Maccum_x2_cy<5>)
     MUXCY:CI->O           1   0.019   0.000  Maccum_x2_cy<6> (Maccum_x2_cy<6>)
     MUXCY:CI->O           1   0.019   0.000  Maccum_x2_cy<7> (Maccum_x2_cy<7>)
     MUXCY:CI->O           1   0.019   0.000  Maccum_x2_cy<8> (Maccum_x2_cy<8>)
     MUXCY:CI->O           1   0.019   0.000  Maccum_x2_cy<9> (Maccum_x2_cy<9>)
     MUXCY:CI->O           0   0.019   0.000  Maccum_x2_cy<10> (Maccum_x2_cy<10>)
     XORCY:CI->O           1   0.180   0.000  Maccum_x2_xor<11> (Result<11>2)
     FDRE:D                    0.102          x2_11
    ----------------------------------------
    Total                      4.818ns (1.831ns logic, 2.987ns route)
                                       (38.0% logic, 62.0% route)

=========================================================================
Timing constraint: Default OFFSET IN BEFORE for Clock 'vsync'
  Total number of paths / destination ports: 159 / 102
-------------------------------------------------------------------------
Offset:              4.265ns (Levels of Logic = 2)
  Source:            game_state<1> (PAD)
  Destination:       speed_0 (FF)
  Destination Clock: vsync falling

  Data Path: game_state<1> to speed_0
                                Gate     Net
    Cell:in->out      fanout   Delay   Delay  Logical Name (Net Name)
    ----------------------------------------  ------------
     IBUF:I->O             9   1.222   0.934  game_state_1_IBUF (game_state_1_IBUF)
     LUT2:I0->O           45   0.203   1.476  _n0141<1>1 (_n0141)
     FDSE_1:S                  0.430          speed_0
    ----------------------------------------
    Total                      4.265ns (1.855ns logic, 2.410ns route)
                                       (43.5% logic, 56.5% route)

=========================================================================
Timing constraint: Default OFFSET OUT AFTER for Clock 'vsync'
  Total number of paths / destination ports: 37 / 37
-------------------------------------------------------------------------
Offset:              4.409ns (Levels of Logic = 1)
  Source:            x1_8 (FF)
  Destination:       cactus1_x<8> (PAD)
  Source Clock:      vsync falling

  Data Path: x1_8 to cactus1_x<8>
                                Gate     Net
    Cell:in->out      fanout   Delay   Delay  Logical Name (Net Name)
    ----------------------------------------  ------------
     FDSE:C->Q            39   0.447   1.391  x1_8 (x1_8)
     OBUF:I->O                 2.571          cactus1_x_8_OBUF (cactus1_x<8>)
    ----------------------------------------
    Total                      4.409ns (3.018ns logic, 1.391ns route)
                                       (68.5% logic, 31.5% route)

=========================================================================

Cross Clock Domains Report:
--------------------------

Clock to Setup on destination clock vsync
---------------+---------+---------+---------+---------+
               | Src:Rise| Src:Fall| Src:Rise| Src:Fall|
Source Clock   |Dest:Rise|Dest:Rise|Dest:Fall|Dest:Fall|
---------------+---------+---------+---------+---------+
vsync          |         |         |    4.818|         |
---------------+---------+---------+---------+---------+

=========================================================================


Total REAL time to Xst completion: 3.00 secs
Total CPU time to Xst completion: 3.77 secs
 
--> 

Total memory usage is 4518692 kilobytes

Number of errors   :    0 (   0 filtered)
Number of warnings :   55 (   0 filtered)
Number of infos    :    0 (   0 filtered)

