--------------------------------------------------------------------------------
Release 14.7 Trace  (nt64)
Copyright (c) 1995-2013 Xilinx, Inc.  All rights reserved.

C:\Xilinx\14.7\ISE_DS\ISE\bin\nt64\unwrapped\trce.exe -intstyle ise -v 3 -s 3
-n 3 -fastpaths -xml top.twx top.ncd -o top.twr top.pcf -ucf constraints.ucf

Design file:              top.ncd
Physical constraint file: top.pcf
Device,package,speed:     xc6slx9,tqg144,C,-3 (PRODUCTION 1.23 2013-10-13)
Report level:             verbose report

Environment Variable      Effect 
--------------------      ------ 
NONE                      No environment variables were set
--------------------------------------------------------------------------------

INFO:Timing:3412 - To improve timing, see the Timing Closure User Guide (UG612).
INFO:Timing:2752 - To get complete path coverage, use the unconstrained paths 
   option. All paths that are not constrained will be reported in the 
   unconstrained paths section(s) of the report.
INFO:Timing:3339 - The clock-to-out numbers in this timing report are based on 
   a 50 Ohm transmission line loading model.  For the details of this model, 
   and for more information on accounting for different loading conditions, 
   please see the device datasheet.

================================================================================
Timing constraint: TS_clk = PERIOD TIMEGRP "clk" 50 ns HIGH 50%;
For more information, see Period Analysis in the Timing Closure User Guide (UG612).

 0 paths analyzed, 0 endpoints analyzed, 0 failing endpoints
 0 timing errors detected. (0 component switching limit errors)
 Minimum period is  32.000ns.
--------------------------------------------------------------------------------

Component Switching Limit Checks: TS_clk = PERIOD TIMEGRP "clk" 50 ns HIGH 50%;
--------------------------------------------------------------------------------
Slack: 18.000ns (period - (min low pulse limit / (low pulse / period)))
  Period: 50.000ns
  Low pulse: 25.000ns
  Low pulse limit: 16.000ns (Tdcmpw_CLKIN_10_25)
  Physical resource: U0/U_DCM/CLKIN
  Logical resource: U0/U_DCM/CLKIN
  Location pin: DCM_X0Y1.CLKIN
  Clock network: clk_IBUFG
--------------------------------------------------------------------------------
Slack: 18.000ns (period - (min high pulse limit / (high pulse / period)))
  Period: 50.000ns
  High pulse: 25.000ns
  High pulse limit: 16.000ns (Tdcmpw_CLKIN_10_25)
  Physical resource: U0/U_DCM/CLKIN
  Logical resource: U0/U_DCM/CLKIN
  Location pin: DCM_X0Y1.CLKIN
  Clock network: clk_IBUFG
--------------------------------------------------------------------------------
Slack: 47.330ns (period - min period limit)
  Period: 50.000ns
  Min period limit: 2.670ns (374.532MHz) (Tdcmper_CLKIN)
  Physical resource: U0/U_DCM/CLKIN
  Logical resource: U0/U_DCM/CLKIN
  Location pin: DCM_X0Y1.CLKIN
  Clock network: clk_IBUFG
--------------------------------------------------------------------------------

================================================================================
Timing constraint: TS_U0_clkfx_raw = PERIOD TIMEGRP "U0_clkfx_raw" TS_clk / 
1.25 HIGH 50%;
For more information, see Period Analysis in the Timing Closure User Guide (UG612).

 510 paths analyzed, 88 endpoints analyzed, 0 failing endpoints
 0 timing errors detected. (0 setup errors, 0 hold errors, 0 component switching limit errors)
 Minimum period is   3.871ns.
--------------------------------------------------------------------------------

Paths for end point U1/v_cnt_5 (SLICE_X6Y26.SR), 20 paths
--------------------------------------------------------------------------------
Slack (setup path):     36.129ns (requirement - (data path - clock path skew + uncertainty))
  Source:               U1/h_cnt_3 (FF)
  Destination:          U1/v_cnt_5 (FF)
  Requirement:          40.000ns
  Data Path Delay:      3.646ns (Levels of Logic = 3)
  Clock Path Skew:      -0.010ns (0.272 - 0.282)
  Source Clock:         c25 rising at 0.000ns
  Destination Clock:    c25 rising at 40.000ns
  Clock Uncertainty:    0.215ns

  Clock Uncertainty:          0.215ns  ((TSJ^2 + TIJ^2)^1/2 + DJ) / 2 + PE
    Total System Jitter (TSJ):  0.070ns
    Total Input Jitter (TIJ):   0.000ns
    Discrete Jitter (DJ):       0.360ns
    Phase Error (PE):           0.000ns

  Maximum Data Path at Slow Process Corner: U1/h_cnt_3 to U1/v_cnt_5
    Location             Delay type         Delay(ns)  Physical Resource
                                                       Logical Resource(s)
    -------------------------------------------------  -------------------
    SLICE_X4Y23.DQ       Tcko                  0.447   U1/h_cnt<3>
                                                       U1/h_cnt_3
    SLICE_X7Y25.C1       net (fanout=43)       0.867   U1/h_cnt<3>
    SLICE_X7Y25.C        Tilo                  0.259   N2
                                                       U1/_n00391_SW0
    SLICE_X7Y25.A2       net (fanout=1)        0.437   N4
    SLICE_X7Y25.A        Tilo                  0.259   N2
                                                       U1/_n00391
    SLICE_X7Y25.B6       net (fanout=7)        0.134   U1/_n00391
    SLICE_X7Y25.B        Tilo                  0.259   N2
                                                       U1/_n0039
    SLICE_X6Y26.SR       net (fanout=3)        0.529   U1/_n0039
    SLICE_X6Y26.CLK      Tsrck                 0.455   U1/v_cnt<7>
                                                       U1/v_cnt_5
    -------------------------------------------------  ---------------------------
    Total                                      3.646ns (1.679ns logic, 1.967ns route)
                                                       (46.1% logic, 53.9% route)

--------------------------------------------------------------------------------
Slack (setup path):     36.446ns (requirement - (data path - clock path skew + uncertainty))
  Source:               U1/h_cnt_5 (FF)
  Destination:          U1/v_cnt_5 (FF)
  Requirement:          40.000ns
  Data Path Delay:      3.329ns (Levels of Logic = 3)
  Clock Path Skew:      -0.010ns (0.272 - 0.282)
  Source Clock:         c25 rising at 0.000ns
  Destination Clock:    c25 rising at 40.000ns
  Clock Uncertainty:    0.215ns

  Clock Uncertainty:          0.215ns  ((TSJ^2 + TIJ^2)^1/2 + DJ) / 2 + PE
    Total System Jitter (TSJ):  0.070ns
    Total Input Jitter (TIJ):   0.000ns
    Discrete Jitter (DJ):       0.360ns
    Phase Error (PE):           0.000ns

  Maximum Data Path at Slow Process Corner: U1/h_cnt_5 to U1/v_cnt_5
    Location             Delay type         Delay(ns)  Physical Resource
                                                       Logical Resource(s)
    -------------------------------------------------  -------------------
    SLICE_X4Y24.BQ       Tcko                  0.447   U1/h_cnt<7>
                                                       U1/h_cnt_5
    SLICE_X7Y25.C4       net (fanout=33)       0.550   U1/h_cnt<5>
    SLICE_X7Y25.C        Tilo                  0.259   N2
                                                       U1/_n00391_SW0
    SLICE_X7Y25.A2       net (fanout=1)        0.437   N4
    SLICE_X7Y25.A        Tilo                  0.259   N2
                                                       U1/_n00391
    SLICE_X7Y25.B6       net (fanout=7)        0.134   U1/_n00391
    SLICE_X7Y25.B        Tilo                  0.259   N2
                                                       U1/_n0039
    SLICE_X6Y26.SR       net (fanout=3)        0.529   U1/_n0039
    SLICE_X6Y26.CLK      Tsrck                 0.455   U1/v_cnt<7>
                                                       U1/v_cnt_5
    -------------------------------------------------  ---------------------------
    Total                                      3.329ns (1.679ns logic, 1.650ns route)
                                                       (50.4% logic, 49.6% route)

--------------------------------------------------------------------------------
Slack (setup path):     36.458ns (requirement - (data path - clock path skew + uncertainty))
  Source:               U1/h_cnt_6 (FF)
  Destination:          U1/v_cnt_5 (FF)
  Requirement:          40.000ns
  Data Path Delay:      3.317ns (Levels of Logic = 3)
  Clock Path Skew:      -0.010ns (0.272 - 0.282)
  Source Clock:         c25 rising at 0.000ns
  Destination Clock:    c25 rising at 40.000ns
  Clock Uncertainty:    0.215ns

  Clock Uncertainty:          0.215ns  ((TSJ^2 + TIJ^2)^1/2 + DJ) / 2 + PE
    Total System Jitter (TSJ):  0.070ns
    Total Input Jitter (TIJ):   0.000ns
    Discrete Jitter (DJ):       0.360ns
    Phase Error (PE):           0.000ns

  Maximum Data Path at Slow Process Corner: U1/h_cnt_6 to U1/v_cnt_5
    Location             Delay type         Delay(ns)  Physical Resource
                                                       Logical Resource(s)
    -------------------------------------------------  -------------------
    SLICE_X4Y24.CQ       Tcko                  0.447   U1/h_cnt<7>
                                                       U1/h_cnt_6
    SLICE_X7Y25.C3       net (fanout=33)       0.538   U1/h_cnt<6>
    SLICE_X7Y25.C        Tilo                  0.259   N2
                                                       U1/_n00391_SW0
    SLICE_X7Y25.A2       net (fanout=1)        0.437   N4
    SLICE_X7Y25.A        Tilo                  0.259   N2
                                                       U1/_n00391
    SLICE_X7Y25.B6       net (fanout=7)        0.134   U1/_n00391
    SLICE_X7Y25.B        Tilo                  0.259   N2
                                                       U1/_n0039
    SLICE_X6Y26.SR       net (fanout=3)        0.529   U1/_n0039
    SLICE_X6Y26.CLK      Tsrck                 0.455   U1/v_cnt<7>
                                                       U1/v_cnt_5
    -------------------------------------------------  ---------------------------
    Total                                      3.317ns (1.679ns logic, 1.638ns route)
                                                       (50.6% logic, 49.4% route)

--------------------------------------------------------------------------------

Paths for end point U1/v_cnt_4 (SLICE_X6Y26.SR), 20 paths
--------------------------------------------------------------------------------
Slack (setup path):     36.140ns (requirement - (data path - clock path skew + uncertainty))
  Source:               U1/h_cnt_3 (FF)
  Destination:          U1/v_cnt_4 (FF)
  Requirement:          40.000ns
  Data Path Delay:      3.635ns (Levels of Logic = 3)
  Clock Path Skew:      -0.010ns (0.272 - 0.282)
  Source Clock:         c25 rising at 0.000ns
  Destination Clock:    c25 rising at 40.000ns
  Clock Uncertainty:    0.215ns

  Clock Uncertainty:          0.215ns  ((TSJ^2 + TIJ^2)^1/2 + DJ) / 2 + PE
    Total System Jitter (TSJ):  0.070ns
    Total Input Jitter (TIJ):   0.000ns
    Discrete Jitter (DJ):       0.360ns
    Phase Error (PE):           0.000ns

  Maximum Data Path at Slow Process Corner: U1/h_cnt_3 to U1/v_cnt_4
    Location             Delay type         Delay(ns)  Physical Resource
                                                       Logical Resource(s)
    -------------------------------------------------  -------------------
    SLICE_X4Y23.DQ       Tcko                  0.447   U1/h_cnt<3>
                                                       U1/h_cnt_3
    SLICE_X7Y25.C1       net (fanout=43)       0.867   U1/h_cnt<3>
    SLICE_X7Y25.C        Tilo                  0.259   N2
                                                       U1/_n00391_SW0
    SLICE_X7Y25.A2       net (fanout=1)        0.437   N4
    SLICE_X7Y25.A        Tilo                  0.259   N2
                                                       U1/_n00391
    SLICE_X7Y25.B6       net (fanout=7)        0.134   U1/_n00391
    SLICE_X7Y25.B        Tilo                  0.259   N2
                                                       U1/_n0039
    SLICE_X6Y26.SR       net (fanout=3)        0.529   U1/_n0039
    SLICE_X6Y26.CLK      Tsrck                 0.444   U1/v_cnt<7>
                                                       U1/v_cnt_4
    -------------------------------------------------  ---------------------------
    Total                                      3.635ns (1.668ns logic, 1.967ns route)
                                                       (45.9% logic, 54.1% route)

--------------------------------------------------------------------------------
Slack (setup path):     36.457ns (requirement - (data path - clock path skew + uncertainty))
  Source:               U1/h_cnt_5 (FF)
  Destination:          U1/v_cnt_4 (FF)
  Requirement:          40.000ns
  Data Path Delay:      3.318ns (Levels of Logic = 3)
  Clock Path Skew:      -0.010ns (0.272 - 0.282)
  Source Clock:         c25 rising at 0.000ns
  Destination Clock:    c25 rising at 40.000ns
  Clock Uncertainty:    0.215ns

  Clock Uncertainty:          0.215ns  ((TSJ^2 + TIJ^2)^1/2 + DJ) / 2 + PE
    Total System Jitter (TSJ):  0.070ns
    Total Input Jitter (TIJ):   0.000ns
    Discrete Jitter (DJ):       0.360ns
    Phase Error (PE):           0.000ns

  Maximum Data Path at Slow Process Corner: U1/h_cnt_5 to U1/v_cnt_4
    Location             Delay type         Delay(ns)  Physical Resource
                                                       Logical Resource(s)
    -------------------------------------------------  -------------------
    SLICE_X4Y24.BQ       Tcko                  0.447   U1/h_cnt<7>
                                                       U1/h_cnt_5
    SLICE_X7Y25.C4       net (fanout=33)       0.550   U1/h_cnt<5>
    SLICE_X7Y25.C        Tilo                  0.259   N2
                                                       U1/_n00391_SW0
    SLICE_X7Y25.A2       net (fanout=1)        0.437   N4
    SLICE_X7Y25.A        Tilo                  0.259   N2
                                                       U1/_n00391
    SLICE_X7Y25.B6       net (fanout=7)        0.134   U1/_n00391
    SLICE_X7Y25.B        Tilo                  0.259   N2
                                                       U1/_n0039
    SLICE_X6Y26.SR       net (fanout=3)        0.529   U1/_n0039
    SLICE_X6Y26.CLK      Tsrck                 0.444   U1/v_cnt<7>
                                                       U1/v_cnt_4
    -------------------------------------------------  ---------------------------
    Total                                      3.318ns (1.668ns logic, 1.650ns route)
                                                       (50.3% logic, 49.7% route)

--------------------------------------------------------------------------------
Slack (setup path):     36.469ns (requirement - (data path - clock path skew + uncertainty))
  Source:               U1/h_cnt_6 (FF)
  Destination:          U1/v_cnt_4 (FF)
  Requirement:          40.000ns
  Data Path Delay:      3.306ns (Levels of Logic = 3)
  Clock Path Skew:      -0.010ns (0.272 - 0.282)
  Source Clock:         c25 rising at 0.000ns
  Destination Clock:    c25 rising at 40.000ns
  Clock Uncertainty:    0.215ns

  Clock Uncertainty:          0.215ns  ((TSJ^2 + TIJ^2)^1/2 + DJ) / 2 + PE
    Total System Jitter (TSJ):  0.070ns
    Total Input Jitter (TIJ):   0.000ns
    Discrete Jitter (DJ):       0.360ns
    Phase Error (PE):           0.000ns

  Maximum Data Path at Slow Process Corner: U1/h_cnt_6 to U1/v_cnt_4
    Location             Delay type         Delay(ns)  Physical Resource
                                                       Logical Resource(s)
    -------------------------------------------------  -------------------
    SLICE_X4Y24.CQ       Tcko                  0.447   U1/h_cnt<7>
                                                       U1/h_cnt_6
    SLICE_X7Y25.C3       net (fanout=33)       0.538   U1/h_cnt<6>
    SLICE_X7Y25.C        Tilo                  0.259   N2
                                                       U1/_n00391_SW0
    SLICE_X7Y25.A2       net (fanout=1)        0.437   N4
    SLICE_X7Y25.A        Tilo                  0.259   N2
                                                       U1/_n00391
    SLICE_X7Y25.B6       net (fanout=7)        0.134   U1/_n00391
    SLICE_X7Y25.B        Tilo                  0.259   N2
                                                       U1/_n0039
    SLICE_X6Y26.SR       net (fanout=3)        0.529   U1/_n0039
    SLICE_X6Y26.CLK      Tsrck                 0.444   U1/v_cnt<7>
                                                       U1/v_cnt_4
    -------------------------------------------------  ---------------------------
    Total                                      3.306ns (1.668ns logic, 1.638ns route)
                                                       (50.5% logic, 49.5% route)

--------------------------------------------------------------------------------

Paths for end point U1/v_cnt_9 (SLICE_X6Y27.SR), 20 paths
--------------------------------------------------------------------------------
Slack (setup path):     36.155ns (requirement - (data path - clock path skew + uncertainty))
  Source:               U1/h_cnt_3 (FF)
  Destination:          U1/v_cnt_9 (FF)
  Requirement:          40.000ns
  Data Path Delay:      3.622ns (Levels of Logic = 3)
  Clock Path Skew:      -0.008ns (0.274 - 0.282)
  Source Clock:         c25 rising at 0.000ns
  Destination Clock:    c25 rising at 40.000ns
  Clock Uncertainty:    0.215ns

  Clock Uncertainty:          0.215ns  ((TSJ^2 + TIJ^2)^1/2 + DJ) / 2 + PE
    Total System Jitter (TSJ):  0.070ns
    Total Input Jitter (TIJ):   0.000ns
    Discrete Jitter (DJ):       0.360ns
    Phase Error (PE):           0.000ns

  Maximum Data Path at Slow Process Corner: U1/h_cnt_3 to U1/v_cnt_9
    Location             Delay type         Delay(ns)  Physical Resource
                                                       Logical Resource(s)
    -------------------------------------------------  -------------------
    SLICE_X4Y23.DQ       Tcko                  0.447   U1/h_cnt<3>
                                                       U1/h_cnt_3
    SLICE_X7Y25.C1       net (fanout=43)       0.867   U1/h_cnt<3>
    SLICE_X7Y25.C        Tilo                  0.259   N2
                                                       U1/_n00391_SW0
    SLICE_X7Y25.A2       net (fanout=1)        0.437   N4
    SLICE_X7Y25.A        Tilo                  0.259   N2
                                                       U1/_n00391
    SLICE_X7Y25.B6       net (fanout=7)        0.134   U1/_n00391
    SLICE_X7Y25.B        Tilo                  0.259   N2
                                                       U1/_n0039
    SLICE_X6Y27.SR       net (fanout=3)        0.505   U1/_n0039
    SLICE_X6Y27.CLK      Tsrck                 0.455   U1/v_cnt<9>
                                                       U1/v_cnt_9
    -------------------------------------------------  ---------------------------
    Total                                      3.622ns (1.679ns logic, 1.943ns route)
                                                       (46.4% logic, 53.6% route)

--------------------------------------------------------------------------------
Slack (setup path):     36.472ns (requirement - (data path - clock path skew + uncertainty))
  Source:               U1/h_cnt_5 (FF)
  Destination:          U1/v_cnt_9 (FF)
  Requirement:          40.000ns
  Data Path Delay:      3.305ns (Levels of Logic = 3)
  Clock Path Skew:      -0.008ns (0.274 - 0.282)
  Source Clock:         c25 rising at 0.000ns
  Destination Clock:    c25 rising at 40.000ns
  Clock Uncertainty:    0.215ns

  Clock Uncertainty:          0.215ns  ((TSJ^2 + TIJ^2)^1/2 + DJ) / 2 + PE
    Total System Jitter (TSJ):  0.070ns
    Total Input Jitter (TIJ):   0.000ns
    Discrete Jitter (DJ):       0.360ns
    Phase Error (PE):           0.000ns

  Maximum Data Path at Slow Process Corner: U1/h_cnt_5 to U1/v_cnt_9
    Location             Delay type         Delay(ns)  Physical Resource
                                                       Logical Resource(s)
    -------------------------------------------------  -------------------
    SLICE_X4Y24.BQ       Tcko                  0.447   U1/h_cnt<7>
                                                       U1/h_cnt_5
    SLICE_X7Y25.C4       net (fanout=33)       0.550   U1/h_cnt<5>
    SLICE_X7Y25.C        Tilo                  0.259   N2
                                                       U1/_n00391_SW0
    SLICE_X7Y25.A2       net (fanout=1)        0.437   N4
    SLICE_X7Y25.A        Tilo                  0.259   N2
                                                       U1/_n00391
    SLICE_X7Y25.B6       net (fanout=7)        0.134   U1/_n00391
    SLICE_X7Y25.B        Tilo                  0.259   N2
                                                       U1/_n0039
    SLICE_X6Y27.SR       net (fanout=3)        0.505   U1/_n0039
    SLICE_X6Y27.CLK      Tsrck                 0.455   U1/v_cnt<9>
                                                       U1/v_cnt_9
    -------------------------------------------------  ---------------------------
    Total                                      3.305ns (1.679ns logic, 1.626ns route)
                                                       (50.8% logic, 49.2% route)

--------------------------------------------------------------------------------
Slack (setup path):     36.484ns (requirement - (data path - clock path skew + uncertainty))
  Source:               U1/h_cnt_6 (FF)
  Destination:          U1/v_cnt_9 (FF)
  Requirement:          40.000ns
  Data Path Delay:      3.293ns (Levels of Logic = 3)
  Clock Path Skew:      -0.008ns (0.274 - 0.282)
  Source Clock:         c25 rising at 0.000ns
  Destination Clock:    c25 rising at 40.000ns
  Clock Uncertainty:    0.215ns

  Clock Uncertainty:          0.215ns  ((TSJ^2 + TIJ^2)^1/2 + DJ) / 2 + PE
    Total System Jitter (TSJ):  0.070ns
    Total Input Jitter (TIJ):   0.000ns
    Discrete Jitter (DJ):       0.360ns
    Phase Error (PE):           0.000ns

  Maximum Data Path at Slow Process Corner: U1/h_cnt_6 to U1/v_cnt_9
    Location             Delay type         Delay(ns)  Physical Resource
                                                       Logical Resource(s)
    -------------------------------------------------  -------------------
    SLICE_X4Y24.CQ       Tcko                  0.447   U1/h_cnt<7>
                                                       U1/h_cnt_6
    SLICE_X7Y25.C3       net (fanout=33)       0.538   U1/h_cnt<6>
    SLICE_X7Y25.C        Tilo                  0.259   N2
                                                       U1/_n00391_SW0
    SLICE_X7Y25.A2       net (fanout=1)        0.437   N4
    SLICE_X7Y25.A        Tilo                  0.259   N2
                                                       U1/_n00391
    SLICE_X7Y25.B6       net (fanout=7)        0.134   U1/_n00391
    SLICE_X7Y25.B        Tilo                  0.259   N2
                                                       U1/_n0039
    SLICE_X6Y27.SR       net (fanout=3)        0.505   U1/_n0039
    SLICE_X6Y27.CLK      Tsrck                 0.455   U1/v_cnt<9>
                                                       U1/v_cnt_9
    -------------------------------------------------  ---------------------------
    Total                                      3.293ns (1.679ns logic, 1.614ns route)
                                                       (51.0% logic, 49.0% route)

--------------------------------------------------------------------------------

Hold Paths: TS_U0_clkfx_raw = PERIOD TIMEGRP "U0_clkfx_raw" TS_clk / 1.25 HIGH 50%;
--------------------------------------------------------------------------------

Paths for end point U1/v_cnt_9 (SLICE_X6Y27.B5), 1 path
--------------------------------------------------------------------------------
Slack (hold path):      0.525ns (requirement - (clock path skew + uncertainty - data path))
  Source:               U1/v_cnt_9 (FF)
  Destination:          U1/v_cnt_9 (FF)
  Requirement:          0.000ns
  Data Path Delay:      0.525ns (Levels of Logic = 1)
  Clock Path Skew:      0.000ns
  Source Clock:         c25 rising at 40.000ns
  Destination Clock:    c25 rising at 40.000ns
  Clock Uncertainty:    0.000ns

  Minimum Data Path at Fast Process Corner: U1/v_cnt_9 to U1/v_cnt_9
    Location             Delay type         Delay(ns)  Physical Resource
                                                       Logical Resource(s)
    -------------------------------------------------  -------------------
    SLICE_X6Y27.BQ       Tcko                  0.200   U1/v_cnt<9>
                                                       U1/v_cnt_9
    SLICE_X6Y27.B5       net (fanout=13)       0.091   U1/v_cnt<9>
    SLICE_X6Y27.CLK      Tah         (-Th)    -0.234   U1/v_cnt<9>
                                                       U1/v_cnt<9>_rt
                                                       U1/Mcount_v_cnt_xor<9>
                                                       U1/v_cnt_9
    -------------------------------------------------  ---------------------------
    Total                                      0.525ns (0.434ns logic, 0.091ns route)
                                                       (82.7% logic, 17.3% route)

--------------------------------------------------------------------------------

Paths for end point U1/v_cnt_1 (SLICE_X6Y25.B5), 1 path
--------------------------------------------------------------------------------
Slack (hold path):      0.543ns (requirement - (clock path skew + uncertainty - data path))
  Source:               U1/v_cnt_1 (FF)
  Destination:          U1/v_cnt_1 (FF)
  Requirement:          0.000ns
  Data Path Delay:      0.543ns (Levels of Logic = 1)
  Clock Path Skew:      0.000ns
  Source Clock:         c25 rising at 40.000ns
  Destination Clock:    c25 rising at 40.000ns
  Clock Uncertainty:    0.000ns

  Minimum Data Path at Fast Process Corner: U1/v_cnt_1 to U1/v_cnt_1
    Location             Delay type         Delay(ns)  Physical Resource
                                                       Logical Resource(s)
    -------------------------------------------------  -------------------
    SLICE_X6Y25.BQ       Tcko                  0.200   U1/v_cnt<3>
                                                       U1/v_cnt_1
    SLICE_X6Y25.B5       net (fanout=28)       0.109   U1/v_cnt<1>
    SLICE_X6Y25.CLK      Tah         (-Th)    -0.234   U1/v_cnt<3>
                                                       U1/v_cnt<1>_rt
                                                       U1/Mcount_v_cnt_cy<3>
                                                       U1/v_cnt_1
    -------------------------------------------------  ---------------------------
    Total                                      0.543ns (0.434ns logic, 0.109ns route)
                                                       (79.9% logic, 20.1% route)

--------------------------------------------------------------------------------

Paths for end point U1/v_cnt_5 (SLICE_X6Y26.B5), 1 path
--------------------------------------------------------------------------------
Slack (hold path):      0.552ns (requirement - (clock path skew + uncertainty - data path))
  Source:               U1/v_cnt_5 (FF)
  Destination:          U1/v_cnt_5 (FF)
  Requirement:          0.000ns
  Data Path Delay:      0.552ns (Levels of Logic = 1)
  Clock Path Skew:      0.000ns
  Source Clock:         c25 rising at 40.000ns
  Destination Clock:    c25 rising at 40.000ns
  Clock Uncertainty:    0.000ns

  Minimum Data Path at Fast Process Corner: U1/v_cnt_5 to U1/v_cnt_5
    Location             Delay type         Delay(ns)  Physical Resource
                                                       Logical Resource(s)
    -------------------------------------------------  -------------------
    SLICE_X6Y26.BQ       Tcko                  0.200   U1/v_cnt<7>
                                                       U1/v_cnt_5
    SLICE_X6Y26.B5       net (fanout=24)       0.118   U1/v_cnt<5>
    SLICE_X6Y26.CLK      Tah         (-Th)    -0.234   U1/v_cnt<7>
                                                       U1/v_cnt<5>_rt
                                                       U1/Mcount_v_cnt_cy<7>
                                                       U1/v_cnt_5
    -------------------------------------------------  ---------------------------
    Total                                      0.552ns (0.434ns logic, 0.118ns route)
                                                       (78.6% logic, 21.4% route)

--------------------------------------------------------------------------------

Component Switching Limit Checks: TS_U0_clkfx_raw = PERIOD TIMEGRP "U0_clkfx_raw" TS_clk / 1.25 HIGH 50%;
--------------------------------------------------------------------------------
Slack: 38.270ns (period - min period limit)
  Period: 40.000ns
  Min period limit: 1.730ns (578.035MHz) (Tbcper_I)
  Physical resource: U0/U_BUFG/I0
  Logical resource: U0/U_BUFG/I0
  Location pin: BUFGMUX_X2Y3.I0
  Clock network: U0/clkfx_raw
--------------------------------------------------------------------------------
Slack: 39.570ns (period - min period limit)
  Period: 40.000ns
  Min period limit: 0.430ns (2325.581MHz) (Tcp)
  Physical resource: U1/v_cnt<3>/CLK
  Logical resource: U1/v_cnt_0/CK
  Location pin: SLICE_X6Y25.CLK
  Clock network: c25
--------------------------------------------------------------------------------
Slack: 39.570ns (period - min period limit)
  Period: 40.000ns
  Min period limit: 0.430ns (2325.581MHz) (Tcp)
  Physical resource: U1/v_cnt<3>/CLK
  Logical resource: U1/v_cnt_1/CK
  Location pin: SLICE_X6Y25.CLK
  Clock network: c25
--------------------------------------------------------------------------------


Derived Constraint Report
Derived Constraints for TS_clk
+-------------------------------+-------------+-------------+-------------+-------------+-------------+-------------+-------------+
|                               |   Period    |       Actual Period       |      Timing Errors        |      Paths Analyzed       |
|           Constraint          | Requirement |-------------+-------------|-------------+-------------|-------------+-------------|
|                               |             |   Direct    | Derivative  |   Direct    | Derivative  |   Direct    | Derivative  |
+-------------------------------+-------------+-------------+-------------+-------------+-------------+-------------+-------------+
|TS_clk                         |     50.000ns|     32.000ns|      4.839ns|            0|            0|            0|          510|
| TS_U0_clkfx_raw               |     40.000ns|      3.871ns|          N/A|            0|            0|          510|            0|
+-------------------------------+-------------+-------------+-------------+-------------+-------------+-------------+-------------+

All constraints were met.


Data Sheet report:
-----------------
All values displayed in nanoseconds (ns)

Clock to Setup on destination clock clk
---------------+---------+---------+---------+---------+
               | Src:Rise| Src:Fall| Src:Rise| Src:Fall|
Source Clock   |Dest:Rise|Dest:Rise|Dest:Fall|Dest:Fall|
---------------+---------+---------+---------+---------+
clk            |    3.871|         |         |         |
---------------+---------+---------+---------+---------+


Timing summary:
---------------

Timing errors: 0  Score: 0  (Setup/Max: 0, Hold: 0)

Constraints cover 510 paths, 0 nets, and 64 connections

Design statistics:
   Minimum period:  32.000ns{1}   (Maximum frequency:  31.250MHz)


------------------------------------Footnotes-----------------------------------
1)  The minimum period statistic assumes all single cycle delays.

Analysis completed Mon Mar 30 16:04:01 2026 
--------------------------------------------------------------------------------

Trace Settings:
-------------------------
Trace Settings 

Peak Memory Usage: 4587 MB



