Release 14.7 - xst P.20131013 (nt64)
Copyright (c) 1995-2013 Xilinx, Inc.  All rights reserved.
--> Parameter TMPDIR set to xst/projnav.tmp


Total REAL time to Xst completion: 0.00 secs
Total CPU time to Xst completion: 0.15 secs
 
--> Parameter xsthdpdir set to xst


Total REAL time to Xst completion: 0.00 secs
Total CPU time to Xst completion: 0.15 secs
 
--> Reading design: vga_sync.prj

TABLE OF CONTENTS
  1) Synthesis Options Summary
  2) HDL Parsing
  3) HDL Elaboration
  4) HDL Synthesis
       4.1) HDL Synthesis Report
  5) Advanced HDL Synthesis
       5.1) Advanced HDL Synthesis Report
  6) Low Level Synthesis
  7) Partition Report
  8) Design Summary
       8.1) Primitive and Black Box Usage
       8.2) Device utilization summary
       8.3) Partition Resource Summary
       8.4) Timing Report
            8.4.1) Clock Information
            8.4.2) Asynchronous Control Signals Information
            8.4.3) Timing Summary
            8.4.4) Timing Details
            8.4.5) Cross Clock Domains Report


=========================================================================
*                      Synthesis Options Summary                        *
=========================================================================
---- Source Parameters
Input File Name                    : "vga_sync.prj"
Ignore Synthesis Constraint File   : NO

---- Target Parameters
Output File Name                   : "vga_sync"
Output Format                      : NGC
Target Device                      : xc6slx9-3-tqg144

---- Source Options
Top Module Name                    : vga_sync
Automatic FSM Extraction           : YES
FSM Encoding Algorithm             : Auto
Safe Implementation                : No
FSM Style                          : LUT
RAM Extraction                     : Yes
RAM Style                          : Auto
ROM Extraction                     : Yes
Shift Register Extraction          : YES
ROM Style                          : Auto
Resource Sharing                   : YES
Asynchronous To Synchronous        : NO
Shift Register Minimum Size        : 2
Use DSP Block                      : Auto
Automatic Register Balancing       : No

---- Target Options
LUT Combining                      : Auto
Reduce Control Sets                : Auto
Add IO Buffers                     : YES
Global Maximum Fanout              : 100000
Add Generic Clock Buffer(BUFG)     : 16
Register Duplication               : YES
Optimize Instantiated Primitives   : NO
Use Clock Enable                   : Auto
Use Synchronous Set                : Auto
Use Synchronous Reset              : Auto
Pack IO Registers into IOBs        : Auto
Equivalent register Removal        : YES

---- General Options
Optimization Goal                  : Speed
Optimization Effort                : 1
Power Reduction                    : NO
Keep Hierarchy                     : No
Netlist Hierarchy                  : As_Optimized
RTL Output                         : Yes
Global Optimization                : AllClockNets
Read Cores                         : YES
Write Timing Constraints           : NO
Cross Clock Analysis               : NO
Hierarchy Separator                : /
Bus Delimiter                      : <>
Case Specifier                     : Maintain
Slice Utilization Ratio            : 100
BRAM Utilization Ratio             : 100
DSP48 Utilization Ratio            : 100
Auto BRAM Packing                  : NO
Slice Utilization Ratio Delta      : 5

=========================================================================


=========================================================================
*                          HDL Parsing                                  *
=========================================================================
Parsing VHDL file "C:\XilinkProject\digital_01\vga_sync.vhd" into library work
Parsing entity <vga_sync>.
Parsing architecture <Behavioral> of entity <vga_sync>.

=========================================================================
*                            HDL Elaboration                            *
=========================================================================

Elaborating entity <vga_sync> (architecture <Behavioral>) from library <work>.

=========================================================================
*                           HDL Synthesis                               *
=========================================================================

Synthesizing Unit <vga_sync>.
    Related source file is "C:\XilinkProject\digital_01\vga_sync.vhd".
    Found 10-bit register for signal <v_cnt>.
    Found 10-bit register for signal <h_cnt>.
    Found 10-bit adder for signal <v_cnt[9]_GND_3_o_add_2_OUT> created at line 14.
    Found 10-bit adder for signal <h_cnt[9]_GND_3_o_add_4_OUT> created at line 15.
    Found 10-bit comparator lessequal for signal <n0008> created at line 18
    Found 10-bit comparator lessequal for signal <n0010> created at line 18
    Found 10-bit comparator lessequal for signal <n0014> created at line 19
    Found 10-bit comparator lessequal for signal <n0016> created at line 19
    Found 10-bit comparator greater for signal <h_cnt[9]_PWR_3_o_LessThan_14_o> created at line 20
    Found 10-bit comparator greater for signal <v_cnt[9]_GND_3_o_LessThan_15_o> created at line 20
    Summary:
	inferred   2 Adder/Subtractor(s).
	inferred  20 D-type flip-flop(s).
	inferred   6 Comparator(s).
Unit <vga_sync> synthesized.

=========================================================================
HDL Synthesis Report

Macro Statistics
# Adders/Subtractors                                   : 2
 10-bit adder                                          : 2
# Registers                                            : 2
 10-bit register                                       : 2
# Comparators                                          : 6
 10-bit comparator greater                             : 2
 10-bit comparator lessequal                           : 4

=========================================================================

=========================================================================
*                       Advanced HDL Synthesis                          *
=========================================================================


Synthesizing (advanced) Unit <vga_sync>.
The following registers are absorbed into counter <h_cnt>: 1 register on signal <h_cnt>.
The following registers are absorbed into counter <v_cnt>: 1 register on signal <v_cnt>.
Unit <vga_sync> synthesized (advanced).

=========================================================================
Advanced HDL Synthesis Report

Macro Statistics
# Counters                                             : 2
 10-bit up counter                                     : 2
# Comparators                                          : 6
 10-bit comparator greater                             : 2
 10-bit comparator lessequal                           : 4

=========================================================================

=========================================================================
*                         Low Level Synthesis                           *
=========================================================================

Optimizing unit <vga_sync> ...

Mapping all equations...
Building and optimizing final netlist ...
Found area constraint ratio of 100 (+ 5) on block vga_sync, actual ratio is 0.

Final Macro Processing ...

=========================================================================
Final Register Report

Macro Statistics
# Registers                                            : 20
 Flip-Flops                                            : 20

=========================================================================

=========================================================================
*                           Partition Report                            *
=========================================================================

Partition Implementation Status
-------------------------------

  No Partitions were found in this design.

-------------------------------

=========================================================================
*                            Design Summary                             *
=========================================================================

Top Level Output File Name         : vga_sync.ngc

Primitive and Black Box Usage:
------------------------------
# BELS                             : 91
#      GND                         : 1
#      INV                         : 2
#      LUT1                        : 18
#      LUT2                        : 11
#      LUT3                        : 1
#      LUT4                        : 10
#      LUT5                        : 2
#      LUT6                        : 7
#      MUXCY                       : 18
#      VCC                         : 1
#      XORCY                       : 20
# FlipFlops/Latches                : 20
#      FD                          : 20
# Clock Buffers                    : 1
#      BUFGP                       : 1
# IO Buffers                       : 23
#      OBUF                        : 23

Device utilization summary:
---------------------------

Selected Device : 6slx9tqg144-3 


Slice Logic Utilization: 
 Number of Slice Registers:              20  out of  11440     0%  
 Number of Slice LUTs:                   51  out of   5720     0%  
    Number used as Logic:                51  out of   5720     0%  

Slice Logic Distribution: 
 Number of LUT Flip Flop pairs used:     51
   Number with an unused Flip Flop:      31  out of     51    60%  
   Number with an unused LUT:             0  out of     51     0%  
   Number of fully used LUT-FF pairs:    20  out of     51    39%  
   Number of unique control sets:         1

IO Utilization: 
 Number of IOs:                          24
 Number of bonded IOBs:                  24  out of    102    23%  

Specific Feature Utilization:
 Number of BUFG/BUFGCTRLs:                1  out of     16     6%  

---------------------------
Partition Resource Summary:
---------------------------

  No Partitions were found in this design.

---------------------------


=========================================================================
Timing Report

NOTE: THESE TIMING NUMBERS ARE ONLY A SYNTHESIS ESTIMATE.
      FOR ACCURATE TIMING INFORMATION PLEASE REFER TO THE TRACE REPORT
      GENERATED AFTER PLACE-and-ROUTE.

Clock Information:
------------------
-----------------------------------+------------------------+-------+
Clock Signal                       | Clock buffer(FF name)  | Load  |
-----------------------------------+------------------------+-------+
clk                                | BUFGP                  | 20    |
-----------------------------------+------------------------+-------+

Asynchronous Control Signals Information:
----------------------------------------
No asynchronous control signals found in this design

Timing Summary:
---------------
Speed Grade: -3

   Minimum period: 3.982ns (Maximum Frequency: 251.099MHz)
   Minimum input arrival time before clock: No path found
   Maximum output required time after clock: 5.946ns
   Maximum combinational path delay: No path found

Timing Details:
---------------
All values displayed in nanoseconds (ns)

=========================================================================
Timing constraint: Default period analysis for Clock 'clk'
  Clock period: 3.982ns (frequency: 251.099MHz)
  Total number of paths / destination ports: 520 / 20
-------------------------------------------------------------------------
Delay:               3.982ns (Levels of Logic = 3)
  Source:            h_cnt_0 (FF)
  Destination:       v_cnt_1 (FF)
  Source Clock:      clk rising
  Destination Clock: clk rising

  Data Path: h_cnt_0 to v_cnt_1
                                Gate     Net
    Cell:in->out      fanout   Delay   Delay  Logical Name (Net Name)
    ----------------------------------------  ------------
     FD:C->Q               3   0.447   0.995  h_cnt_0 (h_cnt_0)
     LUT5:I0->O            3   0.203   0.651  _n00391_SW0 (N01)
     LUT6:I5->O           19   0.205   1.176  _n00391 (_n00391)
     LUT4:I2->O            1   0.203   0.000  v_cnt_1_rstpot (v_cnt_1_rstpot)
     FD:D                      0.102          v_cnt_1
    ----------------------------------------
    Total                      3.982ns (1.160ns logic, 2.822ns route)
                                       (29.1% logic, 70.9% route)

=========================================================================
Timing constraint: Default OFFSET OUT AFTER for Clock 'clk'
  Total number of paths / destination ports: 43 / 23
-------------------------------------------------------------------------
Offset:              5.946ns (Levels of Logic = 3)
  Source:            v_cnt_5 (FF)
  Destination:       vsync (PAD)
  Source Clock:      clk rising

  Data Path: v_cnt_5 to vsync
                                Gate     Net
    Cell:in->out      fanout   Delay   Delay  Logical Name (Net Name)
    ----------------------------------------  ------------
     FD:C->Q               5   0.447   0.962  v_cnt_5 (v_cnt_5)
     LUT4:I0->O            2   0.203   0.981  video_on11 (video_on1)
     LUT6:I0->O            1   0.203   0.579  vsync1 (vsync_OBUF)
     OBUF:I->O                 2.571          vsync_OBUF (vsync)
    ----------------------------------------
    Total                      5.946ns (3.424ns logic, 2.522ns route)
                                       (57.6% logic, 42.4% route)

=========================================================================

Cross Clock Domains Report:
--------------------------

Clock to Setup on destination clock clk
---------------+---------+---------+---------+---------+
               | Src:Rise| Src:Fall| Src:Rise| Src:Fall|
Source Clock   |Dest:Rise|Dest:Rise|Dest:Fall|Dest:Fall|
---------------+---------+---------+---------+---------+
clk            |    3.982|         |         |         |
---------------+---------+---------+---------+---------+

=========================================================================


Total REAL time to Xst completion: 2.00 secs
Total CPU time to Xst completion: 2.85 secs
 
--> 

Total memory usage is 4502500 kilobytes

Number of errors   :    0 (   0 filtered)
Number of warnings :    0 (   0 filtered)
Number of infos    :    0 (   0 filtered)

